Running with gitlab-runner 15.5.0 (0d4137b8)
  on ccoe-l-gitlab-runner-84fd84fbff-xvfq2 Qy9k4UFR
Preparing the "kubernetes" executor
00:00
Using Kubernetes namespace: ccoe-l
Using Kubernetes executor with image registry.gitlab.com/gitlab-ci-utils/docker-dependency-check:latest ...
Using attach strategy to execute scripts...
Preparing environment
00:11
Waiting for pod ccoe-l/runner-qy9k4ufr-project-28417-concurrent-1lq5fp to be running, status is Pending
	ContainersNotInitialized: "containers with incomplete status: [init-permissions]"
	ContainersNotReady: "containers with unready status: [build helper]"
	ContainersNotReady: "containers with unready status: [build helper]"
Waiting for pod ccoe-l/runner-qy9k4ufr-project-28417-concurrent-1lq5fp to be running, status is Pending
	ContainersNotReady: "containers with unready status: [build helper]"
	ContainersNotReady: "containers with unready status: [build helper]"
Running on runner-qy9k4ufr-project-28417-concurrent-1lq5fp via ccoe-l-gitlab-runner-84fd84fbff-xvfq2...
Getting source from Git repository
00:02
Fetching changes with git depth set to 20...
Initialized empty Git repository in /builds/paotang/pay-with-paotang/bff-core-coupon-list-sof-api/.git/
Created fresh repository.
Checking out a69d9bb4 as 0.0.6...
Skipping Git submodules setup
Downloading artifacts
00:04
Downloading artifacts for Build (Kotlin) (1635189)...
Downloading artifacts from coordinator... ok        id=1635189 responseStatus=200 OK token=64_J1-sC
Executing "step_script" stage of the job script
06:30
$ /usr/share/dependency-check/bin/dependency-check.sh --scan . --noupdate --enableExperimental --format HTML --project "$CI_PROJECT_NAME" --exclude '**/.m2/**' --exclude '**/.sonar/**'
[INFO] 
Dependency-Check is an open source tool performing a best effort analysis of 3rd party dependencies; false positives and false negatives may exist in the analysis performed by the tool. Use of the tool and the reporting provided constitutes acceptance for use in an AS IS condition, and there are NO warranties, implied or otherwise, with regard to the analysis or its use. Any use of the tool and the reporting provided is at the user's risk. In no event shall the copyright holder or OWASP be held liable for any damages whatsoever arising out of or in connection with the use of this tool, the analysis performed, or the resulting report.
   About ODC: https://jeremylong.github.io/DependencyCheck/general/internals.html
   False Positives: https://jeremylong.github.io/DependencyCheck/general/suppression.html
ðŸ’– Sponsor: https://github.com/sponsors/jeremylong
[INFO] Analysis Started
[INFO] Finished Archive Analyzer (5 seconds)
[INFO] Finished File Name Analyzer (0 seconds)
[INFO] Finished Jar Analyzer (1 seconds)
[ERROR] Could not connect to Central search. Analysis failed.
java.io.IOException: Finally failed connecting to Central search. Giving up after 7 tries.
	at org.owasp.dependencycheck.analyzer.CentralAnalyzer.fetchMavenArtifacts(CentralAnalyzer.java:363)
	at org.owasp.dependencycheck.analyzer.CentralAnalyzer.analyzeDependency(CentralAnalyzer.java:228)
	at org.owasp.dependencycheck.analyzer.AbstractAnalyzer.analyze(AbstractAnalyzer.java:131)
	at org.owasp.dependencycheck.AnalysisTask.call(AnalysisTask.java:88)
	at org.owasp.dependencycheck.AnalysisTask.call(AnalysisTask.java:37)
	at java.base/java.util.concurrent.FutureTask.run(FutureTask.java:264)
	at java.base/java.util.concurrent.ThreadPoolExecutor.runWorker(ThreadPoolExecutor.java:1136)
	at java.base/java.util.concurrent.ThreadPoolExecutor$Worker.run(ThreadPoolExecutor.java:635)
	at java.base/java.lang.Thread.run(Thread.java:840)
Caused by: java.io.IOException: Could not connect to MavenCentral (403): Forbidden
	at org.owasp.dependencycheck.data.central.CentralSearch.searchSha1(CentralSearch.java:232)
	at org.owasp.dependencycheck.analyzer.CentralAnalyzer.fetchMavenArtifacts(CentralAnalyzer.java:340)
	... 8 common frames omitted
[WARN] An error occurred while analyzing '/tmp/dctempe10e0d4d-f3a6-4f55-aa06-75ab91dcbbb0/check2475641644841785378tmp/1/BOOT-INF/lib/brave-context-slf4j-5.16.0.jar' (Central Analyzer).
[INFO] Finished Central Analyzer (362 seconds)
[INFO] Finished Dependency Merging Analyzer (0 seconds)
[INFO] Finished Hint Analyzer (0 seconds)
[INFO] Finished Version Filter Analyzer (0 seconds)
[INFO] Created CPE Index (3 seconds)
[INFO] Finished NPM CPE Analyzer (3 seconds)
[INFO] Created CPE Index (2 seconds)
[INFO] Finished CPE Analyzer (6 seconds)
[INFO] Finished False Positive Analyzer (0 seconds)
[INFO] Finished NVD CVE Analyzer (0 seconds)
[INFO] Finished Sonatype OSS Index Analyzer (3 seconds)
[INFO] Finished Vulnerability Suppression Analyzer (0 seconds)
[INFO] Finished Known Exploited Vulnerability Analyzer (0 seconds)
[INFO] Finished Dependency Bundling Analyzer (0 seconds)
[INFO] Finished Unused Suppression Rule Analyzer (0 seconds)
[INFO] Analysis Complete (384 seconds)
[INFO] Writing HTML report to: /builds/paotang/pay-with-paotang/bff-core-coupon-list-sof-api/./dependency-check-report.html
[ERROR] Could not connect to Central search. Analysis failed.
Uploading artifacts for failed job
00:00
Uploading artifacts...
./dependency-check-report.html: found 1 matching files and directories 
Uploading artifacts as "archive" to coordinator... 201 Created  id=1635191 responseStatus=201 Created token=64_J1-sC
Cleaning up project directory and file based variables
00:01
ERROR: Job failed: command terminated with exit code 14